<?xml version="1.0" encoding="UTF-8"?>
<!-- Generated by org.testng.reporters.JUnitReportReporter -->
<testsuite skipped="0" hostname="DESKTOP-UJOHP7E" name="upgrade.NewTest" tests="1" failures="0" timestamp="2020-01-08T15:17:40 EAT" time="22.639" errors="0">
  <testcase name="testGuru99TakeScreenShot" time="22.639" classname="upgrade.NewTest"/>
</testsuite> <!-- upgrade.NewTest -->
